Build started 3/15/2015 9:01:42 PM.
     1>Project "D:\_xUser\Jamie\MMF_Ext2\SQLDB2.1\SQL Database Object v2.1\Source\MMF2SDK\Extensions\V2Template32\V2Template32.vcxproj" on node 2 (build target(s)).
     1>InitializeBuildStatus:
         Creating ".\Debug\V2Template32.unsuccessfulbuild" because "AlwaysCreate" was specified.
       ClCompile:
         All outputs are up-to-date.
         All outputs are up-to-date.
       ResourceCompile:
         C:\Program Files (x86)\Microsoft SDKs\Windows\v7.0A\bin\rc.exe /D _DEBUG /D EDITOR /D _VC80_UPGRADE=0x0600 /l"0x0409" /I..\..\inc /nologo /fo".\Debug\Extobj.res" Extobj.rc 
       ManifestResourceCompile:
         All outputs are up-to-date.
     1>C:\Program Files (x86)\MSBuild\Microsoft.Cpp\v4.0\Microsoft.CppBuild.targets(990,5): warning MSB8012: TargetPath(D:\_xUser\Jamie\MMF_Ext2\SQLDB2.1\SQL Database Object v2.1\Source\MMF2SDK\Extensions\V2Template32\.\Debug\V2Template32.dll) does not match the Linker's OutputFile property value (D:\_xUser\Jamie\MMF_Ext2\SQLDB2.1\SQL Database Object v2.1\Source\MMF2SDK\Extensions\V2Template32\Debug\sql.cox). This may cause your project to build incorrectly. To correct this, please make sure that $(OutDir), $(TargetName) and $(TargetExt) property values match the value specified in %(Link.OutputFile).
     1>C:\Program Files (x86)\MSBuild\Microsoft.Cpp\v4.0\Microsoft.CppBuild.targets(991,5): warning MSB8012: TargetExt(.dll) does not match the Linker's OutputFile property value (.cox). This may cause your project to build incorrectly. To correct this, please make sure that $(OutDir), $(TargetName) and $(TargetExt) property values match the value specified in %(Link.OutputFile).
     1>C:\Program Files (x86)\MSBuild\Microsoft.Cpp\v4.0\Microsoft.CppBuild.targets(992,5): warning MSB8012: TargetName(V2Template32) does not match the Linker's OutputFile property value (sql). This may cause your project to build incorrectly. To correct this, please make sure that $(OutDir), $(TargetName) and $(TargetExt) property values match the value specified in %(Link.OutputFile).
       Link:
         C:\Program Files (x86)\Microsoft Visual Studio 10.0\VC\bin\link.exe /ERRORREPORT:PROMPT /OUT:".\Debug/sql.cox" /INCREMENTAL /NOLOGO ..\..\lib\mmfs2.lib kernel32.lib user32.lib gdi32.lib winspool.lib comdlg32.lib advapi32.lib shell32.lib ole32.lib oleaut32.lib uuid.lib odbc32.lib odbccp32.lib /DEF:".\Extobj32.def" /MANIFEST /ManifestFile:".\Debug\V2Template32.dll.intermediate.manifest" /MANIFESTUAC:"level='asInvoker' uiAccess='false'" /DEBUG /PDB:".\Debug/sql.pdb" /TLBID:1 /DYNAMICBASE /NXCOMPAT /IMPLIB:".\Debug/sql.lib" /MACHINE:X86 /DLL .\Debug\Extobj.res
         .\Debug\V2Template32.dll.embed.manifest.res
         .\Debug/Edittime.obj
         .\Debug/General.obj
         .\Debug/Main.obj
         .\Debug/RunOnly.obj
         .\Debug/Runtime.obj
         .\Debug/sqldb.obj
         .\Debug/sqlite3.obj
       Manifest:
         C:\Program Files (x86)\Microsoft SDKs\Windows\v7.0A\bin\mt.exe /nologo /verbose /out:".\Debug\V2Template32.dll.embed.manifest" /manifest .\Debug\V2Template32.dll.intermediate.manifest
         All outputs are up-to-date.
       LinkEmbedManifest:
         All outputs are up-to-date.
         V2Template32.vcxproj -> D:\_xUser\Jamie\MMF_Ext2\SQLDB2.1\SQL Database Object v2.1\Source\MMF2SDK\Extensions\V2Template32\.\Debug\V2Template32.dll
       BscMake:
         All outputs are up-to-date.
       FinalizeBuildStatus:
         Deleting file ".\Debug\V2Template32.unsuccessfulbuild".
         Touching ".\Debug\V2Template32.lastbuildstate".
     1>Done Building Project "D:\_xUser\Jamie\MMF_Ext2\SQLDB2.1\SQL Database Object v2.1\Source\MMF2SDK\Extensions\V2Template32\V2Template32.vcxproj" (build target(s)).

Build succeeded.

Time Elapsed 00:00:00.64
